mode: set
pixiv-tag-reco-service/cmd/api/main.go:15.68,16.32 1 0
pixiv-tag-reco-service/cmd/api/main.go:16.32,19.3 2 0
pixiv-tag-reco-service/cmd/api/main.go:21.2,22.18 2 0
pixiv-tag-reco-service/cmd/api/main.go:22.18,25.3 2 0
pixiv-tag-reco-service/cmd/api/main.go:30.2,32.16 3 0
pixiv-tag-reco-service/cmd/api/main.go:32.16,36.3 3 0
pixiv-tag-reco-service/cmd/api/main.go:38.2,39.56 2 0
pixiv-tag-reco-service/cmd/api/main.go:39.56,42.3 2 0
pixiv-tag-reco-service/cmd/api/main.go:45.58,46.33 1 0
pixiv-tag-reco-service/cmd/api/main.go:46.33,49.3 2 0
pixiv-tag-reco-service/cmd/api/main.go:50.2,53.16 3 0
pixiv-tag-reco-service/cmd/api/main.go:53.16,61.3 3 0
pixiv-tag-reco-service/cmd/api/main.go:63.2,64.56 2 0
pixiv-tag-reco-service/cmd/api/main.go:64.56,67.3 2 0
pixiv-tag-reco-service/cmd/api/main.go:70.13,79.58 6 0
pixiv-tag-reco-service/cmd/api/main.go:79.58,81.3 1 0
pixiv-tag-reco-service/internal/cache/cache_mock.go:11.69,12.22 1 1
pixiv-tag-reco-service/internal/cache/cache_mock.go:12.22,14.3 1 1
pixiv-tag-reco-service/internal/cache/cache_mock.go:15.2,15.51 1 0
pixiv-tag-reco-service/internal/cache/cache_mock.go:17.78,18.22 1 1
pixiv-tag-reco-service/internal/cache/cache_mock.go:18.22,20.3 1 1
pixiv-tag-reco-service/internal/cache/cache_mock.go:21.2,21.46 1 1
pixiv-tag-reco-service/internal/recommendation/service.go:28.62,30.2 1 0
pixiv-tag-reco-service/internal/recommendation/service.go:34.77,41.24 3 0
pixiv-tag-reco-service/internal/recommendation/service.go:41.24,50.3 1 0
pixiv-tag-reco-service/internal/recommendation/service.go:52.2,55.24 2 0
pixiv-tag-reco-service/internal/recommendation/service.go:55.24,65.3 1 0
pixiv-tag-reco-service/internal/recommendation/service.go:69.2,79.35 3 0
pixiv-tag-reco-service/internal/recommendation/service.go:79.35,85.3 1 0
pixiv-tag-reco-service/internal/recommendation/service.go:87.2,87.54 1 0
pixiv-tag-reco-service/internal/tagging/clip_mock.go:11.74,12.34 1 0
pixiv-tag-reco-service/internal/tagging/clip_mock.go:12.34,14.3 1 0
pixiv-tag-reco-service/internal/tagging/clip_mock.go:15.2,15.63 1 0
pixiv-tag-reco-service/internal/tagging/clip_mock.go:17.84,18.40 1 0
pixiv-tag-reco-service/internal/tagging/clip_mock.go:18.40,20.3 1 0
pixiv-tag-reco-service/internal/tagging/clip_mock.go:21.2,21.69 1 0
pixiv-tag-reco-service/internal/tagging/service.go:21.75,23.2 1 1
pixiv-tag-reco-service/internal/tagging/service.go:26.95,32.20 1 1
pixiv-tag-reco-service/internal/tagging/service.go:32.20,34.17 2 1
pixiv-tag-reco-service/internal/tagging/service.go:34.17,38.4 1 1
pixiv-tag-reco-service/internal/tagging/service.go:38.9,40.4 1 1
pixiv-tag-reco-service/internal/tagging/service.go:44.2,44.24 1 1
pixiv-tag-reco-service/internal/tagging/service.go:44.24,55.21 2 1
pixiv-tag-reco-service/internal/tagging/service.go:55.21,59.4 3 1
pixiv-tag-reco-service/internal/tagging/service.go:60.3,60.52 1 1
pixiv-tag-reco-service/internal/tagging/service.go:81.2,81.64 1 1
pixiv-tag-reco-service/internal/cache/cache_mock.go:11.69,12.22 1 0
pixiv-tag-reco-service/internal/cache/cache_mock.go:12.22,14.3 1 0
pixiv-tag-reco-service/internal/cache/cache_mock.go:15.2,15.51 1 0
pixiv-tag-reco-service/internal/cache/cache_mock.go:17.78,18.22 1 0
pixiv-tag-reco-service/internal/cache/cache_mock.go:18.22,20.3 1 0
pixiv-tag-reco-service/internal/cache/cache_mock.go:21.2,21.46 1 0
pixiv-tag-reco-service/internal/recommendation/service.go:28.62,30.2 1 0
pixiv-tag-reco-service/internal/recommendation/service.go:34.77,41.24 3 0
pixiv-tag-reco-service/internal/recommendation/service.go:41.24,50.3 1 0
pixiv-tag-reco-service/internal/recommendation/service.go:52.2,55.24 2 0
pixiv-tag-reco-service/internal/recommendation/service.go:55.24,65.3 1 0
pixiv-tag-reco-service/internal/recommendation/service.go:69.2,79.35 3 0
pixiv-tag-reco-service/internal/recommendation/service.go:79.35,85.3 1 0
pixiv-tag-reco-service/internal/recommendation/service.go:87.2,87.54 1 0
pixiv-tag-reco-service/cmd/api/main.go:15.68,16.32 1 0
pixiv-tag-reco-service/cmd/api/main.go:16.32,19.3 2 0
pixiv-tag-reco-service/cmd/api/main.go:21.2,22.18 2 0
pixiv-tag-reco-service/cmd/api/main.go:22.18,25.3 2 0
pixiv-tag-reco-service/cmd/api/main.go:30.2,32.16 3 0
pixiv-tag-reco-service/cmd/api/main.go:32.16,36.3 3 0
pixiv-tag-reco-service/cmd/api/main.go:38.2,39.56 2 0
pixiv-tag-reco-service/cmd/api/main.go:39.56,42.3 2 0
pixiv-tag-reco-service/cmd/api/main.go:45.58,46.33 1 1
pixiv-tag-reco-service/cmd/api/main.go:46.33,49.3 2 1
pixiv-tag-reco-service/cmd/api/main.go:50.2,53.16 3 1
pixiv-tag-reco-service/cmd/api/main.go:53.16,61.3 3 0
pixiv-tag-reco-service/cmd/api/main.go:63.2,64.56 2 1
pixiv-tag-reco-service/cmd/api/main.go:64.56,67.3 2 0
pixiv-tag-reco-service/cmd/api/main.go:70.13,79.58 6 0
pixiv-tag-reco-service/cmd/api/main.go:79.58,81.3 1 0
pixiv-tag-reco-service/internal/cache/cache_mock.go:11.69,12.22 1 0
pixiv-tag-reco-service/internal/cache/cache_mock.go:12.22,14.3 1 0
pixiv-tag-reco-service/internal/cache/cache_mock.go:15.2,15.51 1 0
pixiv-tag-reco-service/internal/cache/cache_mock.go:17.78,18.22 1 0
pixiv-tag-reco-service/internal/cache/cache_mock.go:18.22,20.3 1 0
pixiv-tag-reco-service/internal/cache/cache_mock.go:21.2,21.46 1 0
pixiv-tag-reco-service/internal/recommendation/service.go:28.62,30.2 1 0
pixiv-tag-reco-service/internal/recommendation/service.go:34.77,41.24 3 0
pixiv-tag-reco-service/internal/recommendation/service.go:41.24,50.3 1 0
pixiv-tag-reco-service/internal/recommendation/service.go:52.2,55.24 2 0
pixiv-tag-reco-service/internal/recommendation/service.go:55.24,65.3 1 0
pixiv-tag-reco-service/internal/recommendation/service.go:69.2,79.35 3 0
pixiv-tag-reco-service/internal/recommendation/service.go:79.35,85.3 1 0
pixiv-tag-reco-service/internal/recommendation/service.go:87.2,87.54 1 0
pixiv-tag-reco-service/internal/tagging/clip_mock.go:11.74,12.34 1 0
pixiv-tag-reco-service/internal/tagging/clip_mock.go:12.34,14.3 1 0
pixiv-tag-reco-service/internal/tagging/clip_mock.go:15.2,15.63 1 0
pixiv-tag-reco-service/internal/tagging/clip_mock.go:17.84,18.40 1 0
pixiv-tag-reco-service/internal/tagging/clip_mock.go:18.40,20.3 1 0
pixiv-tag-reco-service/internal/tagging/clip_mock.go:21.2,21.69 1 0
pixiv-tag-reco-service/internal/tagging/service.go:21.75,23.2 1 1
pixiv-tag-reco-service/internal/tagging/service.go:26.95,32.20 1 1
pixiv-tag-reco-service/internal/tagging/service.go:32.20,34.17 2 0
pixiv-tag-reco-service/internal/tagging/service.go:34.17,38.4 1 0
pixiv-tag-reco-service/internal/tagging/service.go:38.9,40.4 1 0
pixiv-tag-reco-service/internal/tagging/service.go:44.2,44.24 1 1
pixiv-tag-reco-service/internal/tagging/service.go:44.24,55.21 2 1
pixiv-tag-reco-service/internal/tagging/service.go:55.21,59.4 3 0
pixiv-tag-reco-service/internal/tagging/service.go:60.3,60.52 1 1
pixiv-tag-reco-service/internal/tagging/service.go:81.2,81.64 1 0
